Не удалось загрузить расширение «Optimized PNG», потому что a dependency was not met. Зависимость:
	тип: executable
	положение: контуру
	строка: optipng

Не удалось загрузить расширение «Export to PDF via Scribus», потому что a dependency was not met. Зависимость:
	тип: executable
	положение: контуру
	строка: scribus

Не удалось загрузить расширение «GIMP XCF», потому что a dependency was not met. Зависимость:
	тип: executable
	положение: контуру
	строка: gimp

Не удалось загрузить расширение «Formula (pdflatex)», потому что a dependency was not met. Зависимость:
	тип: executable
	положение: контуру
	строка: pdflatex

Не удалось загрузить расширение «Formula (typst)», потому что a dependency was not met. Зависимость:
	тип: executable
	положение: контуру
	строка: typst

Не удалось загрузить расширение «XFIG Input», потому что a dependency was not met. Зависимость:
	тип: executable
	положение: контуру
	строка: fig2dev

Не удалось загрузить расширение «EPS Input», потому что a dependency was not met. Зависимость:
	тип: executable
	положение: контуру
	строка: ps2pdf

Не удалось загрузить расширение «PostScript Input», потому что a dependency was not met. Зависимость:
	тип: executable
	положение: контуру
	строка: ps2pdf

